生成启动时间为 2016/3/5 0:33:29。
     1>项目“E:\Code\SoftRasterizer\Rasterizer\Rasterizer.vcxproj”在节点 2 上(Build 个目标)。
     1>ClCompile:
         E:\Program Files (x86)\Microsoft Visual Studio 12.0\VC\bin\CL.exe /c /I"..\SDL2-2.0.4\include" /ZI /nologo /W3 /WX- /sdl /Od /Oy- /D _MBCS /Gm /EHsc /RTC1 /MDd /GS /fp:precise /Zc:wchar_t /Zc:forScope /Fo"Debug\\" /Fd"Debug\vc120.pdb" /Gd /TP /analyze- /errorReport:prompt src\Canvas.cpp src\Main.cpp src\Matrix.cpp src\Vector2.cpp src\Vector3.cpp src\Window.cpp
         Window.cpp
         Vector3.cpp
         Vector2.cpp
         Matrix.cpp
         Main.cpp
         Canvas.cpp
     1>e:\code\softrasterizer\rasterizer\src\canvas.cpp(16): warning C4244: “参数”: 从“float”转换到“Uint8”，可能丢失数据
     1>e:\code\softrasterizer\rasterizer\src\canvas.cpp(17): warning C4244: “参数”: 从“float”转换到“int”，可能丢失数据
     1>e:\code\softrasterizer\rasterizer\src\canvas.cpp(40): warning C4244: “参数”: 从“float”转换到“int”，可能丢失数据
     1>e:\code\softrasterizer\rasterizer\src\canvas.cpp(46): warning C4244: “参数”: 从“float”转换到“Uint8”，可能丢失数据
         正在生成代码...
       Link:
         E:\Program Files (x86)\Microsoft Visual Studio 12.0\VC\bin\link.exe /ERRORREPORT:PROMPT /OUT:"E:\Code\SoftRasterizer\Debug\Rasterizer.exe" /INCREMENTAL /NOLOGO /LIBPATH:"..\SDL2-2.0.4\lib\x86" SDL2.lib SDL2main.lib kernel32.lib user32.lib gdi32.lib winspool.lib comdlg32.lib advapi32.lib shell32.lib ole32.lib oleaut32.lib uuid.lib odbc32.lib odbccp32.lib /MANIFEST /MANIFESTUAC:"level='asInvoker' uiAccess='false'" /manifest:embed /DEBUG /PDB:"E:\Code\SoftRasterizer\Debug\Rasterizer.pdb" /SUBSYSTEM:CONSOLE /TLBID:1 /DYNAMICBASE /NXCOMPAT /IMPLIB:"E:\Code\SoftRasterizer\Debug\Rasterizer.lib" /MACHINE:X86 Debug\Canvas.obj
         Debug\Main.obj
         Debug\Matrix.obj
         Debug\Vector2.obj
         Debug\Vector3.obj
         Debug\Window.obj
         Rasterizer.vcxproj -> E:\Code\SoftRasterizer\Debug\Rasterizer.exe
     1>已完成生成项目“E:\Code\SoftRasterizer\Rasterizer\Rasterizer.vcxproj”(Build 个目标)的操作。

生成成功。

已用时间 00:00:01.69
