e:\code\rasterizer\rasterizer\debug\vc120.pdb
e:\code\rasterizer\rasterizer\debug\vc120.idb
e:\code\rasterizer\rasterizer\debug\main.obj
e:\code\rasterizer\rasterizer\debug\vector2.obj
e:\code\rasterizer\rasterizer\debug\vector3.obj
e:\code\rasterizer\rasterizer\debug\color.obj
e:\code\rasterizer\rasterizer\debug\matrix.obj
e:\code\rasterizer\rasterizer\debug\canvas.obj
e:\code\rasterizer\rasterizer\debug\window.obj
e:\code\softrasterizer\rasterizer\debug\vc120.pdb
e:\code\softrasterizer\rasterizer\debug\vc120.idb
e:\code\softrasterizer\rasterizer\debug\matrix.obj
e:\code\softrasterizer\rasterizer\debug\vector2.obj
e:\code\softrasterizer\rasterizer\debug\vector3.obj
e:\code\softrasterizer\rasterizer\debug\canvas.obj
e:\code\softrasterizer\rasterizer\debug\main.obj
e:\code\softrasterizer\rasterizer\debug\window.obj
e:\code\rasterizer\debug\rasterizer.ilk
e:\code\rasterizer\debug\rasterizer.exe
e:\code\rasterizer\debug\rasterizer.pdb
e:\code\softrasterizer\debug\rasterizer.ilk
e:\code\softrasterizer\debug\rasterizer.exe
e:\code\softrasterizer\debug\rasterizer.pdb
e:\code\softrasterizer\rasterizer\debug\color.obj
e:\code\softrasterizer\rasterizer\debug\rasterizer.tlog\cl.command.1.tlog
e:\code\softrasterizer\rasterizer\debug\rasterizer.tlog\cl.read.1.tlog
e:\code\softrasterizer\rasterizer\debug\rasterizer.tlog\cl.write.1.tlog
e:\code\softrasterizer\rasterizer\debug\rasterizer.tlog\link.command.1.tlog
e:\code\softrasterizer\rasterizer\debug\rasterizer.tlog\link.read.1.tlog
e:\code\softrasterizer\rasterizer\debug\rasterizer.tlog\link.write.1.tlog
